init << api.log >> 1/17/2022, 7:24:57 AM
1/17/2022, 7:24:57 AM : connecting
1/17/2022, 7:24:59 AM : setting up router
1/17/2022, 7:24:59 AM : setting up seeks check
1/17/2022, 7:25:19 AM : check seek thecorrespondencebot uid_kyicz00vp8z2yd1hjpr 2024
1/17/2022, 7:25:19 AM : check seek thecorrespondencebot uid_kyicz0uw0o0ab9unsvfk 2024
1/17/2022, 7:25:29 AM : check seek thecorrespondencebot uid_kyicz00vp8z2yd1hjpr 8383
1/17/2022, 7:25:29 AM : check seek thecorrespondencebot uid_kyicz0uw0o0ab9unsvfk 8383
1/17/2022, 7:25:39 AM : check seek thecorrespondencebot uid_kyicz00vp8z2yd1hjpr 8285
1/17/2022, 7:25:39 AM : check seek thecorrespondencebot uid_kyicz0uw0o0ab9unsvfk 8285
1/17/2022, 7:25:49 AM : check seek thecorrespondencebot uid_kyicz00vp8z2yd1hjpr 7228
1/17/2022, 7:25:49 AM : check seek thecorrespondencebot uid_kyicz0uw0o0ab9unsvfk 7228
1/17/2022, 7:25:59 AM : check seek thecorrespondencebot uid_kyicz00vp8z2yd1hjpr 17227
1/17/2022, 7:25:59 AM : check seek thecorrespondencebot uid_kyicz0uw0o0ab9unsvfk 17228
1/17/2022, 7:26:09 AM : check seek thecorrespondencebot uid_kyicz00vp8z2yd1hjpr 27229
1/17/2022, 7:26:09 AM : check seek thecorrespondencebot uid_kyicz0uw0o0ab9unsvfk 27229
1/17/2022, 7:26:19 AM : check seek thecorrespondencebot uid_kyicz00vp8z2yd1hjpr 37230
1/17/2022, 7:26:19 AM : check seek thecorrespondencebot uid_kyicz0uw0o0ab9unsvfk 37230
1/17/2022, 7:26:29 AM : check seek thecorrespondencebot uid_kyicz00vp8z2yd1hjpr 47232
1/17/2022, 7:26:29 AM : removing outdated seek thecorrespondencebot uid_kyicz00vp8z2yd1hjpr
1/17/2022, 7:26:29 AM : check seek thecorrespondencebot uid_kyicz0uw0o0ab9unsvfk 47247
1/17/2022, 7:26:29 AM : removing outdated seek thecorrespondencebot uid_kyicz0uw0o0ab9unsvfk
