init << mongots.log >> 1/17/2022, 7:24:58 AM
1/17/2022, 7:24:58 AM : coll getall vueexpress/seeks undefined
1/17/2022, 7:24:58 AM : coll getall vueexpress/messages undefined
1/17/2022, 7:24:58 AM : got vueexpress/seeks result [
  {
    "_id": "uid_kyicz00vp8z2yd1hjpr",
    "createdBy": {
      "_id": "thecorrespondencebot",
      "id": "thecorrespondencebot",
      "identifiedAt": 1642268589273,
      "lastSeenAt": 1642404059849,
      "username": "TheCorrespondenceBot"
    },
    "id": "uid_kyicz00vp8z2yd1hjpr",
    "increment": 0,
    "initialTime": 60,
    "rated": true,
    "rounds": 3,
    "variant": {
      "variant": "atomic"
    }
  },
  {
    "_id": "uid_kyicz0uw0o0ab9unsvfk",
    "createdBy": {
      "_id": "thecorrespondencebot",
      "id": "thecorrespondencebot",
      "identifiedAt": 1642268589273,
      "lastSeenAt": 1642404059849,
      "username": "TheCorrespondenceBot"
    },
    "id": "uid_kyicz0uw0o0ab9unsvfk",
    "increment": 0,
    "initialTime": 180,
    "rated": true,
    "rounds": 1,
    "variant": {
      "variant": "atomic"
    }
  }
] err undefined
1/17/2022, 7:24:59 AM : got vueexpress/messages result [] err undefined
1/17/2022, 7:25:05 AM : get one by id vueexpress/userids lio_o0R52DRyjU8OPKwKLNIByPlWg9O1F7SB
1/17/2022, 7:25:05 AM : find one result {
  "_id": "lio_o0R52DRyjU8OPKwKLNIByPlWg9O1F7SB",
  "id": "lio_o0R52DRyjU8OPKwKLNIByPlWg9O1F7SB",
  "userId": "thecorrespondencebot"
}
1/17/2022, 7:25:05 AM : stored undefined
1/17/2022, 7:25:05 AM : get one by id vueexpress/users thecorrespondencebot
1/17/2022, 7:25:05 AM : find one result {
  "_id": "thecorrespondencebot",
  "id": "thecorrespondencebot",
  "identifiedAt": 1642268589273,
  "lastSeenAt": 1642274743743,
  "username": "TheCorrespondenceBot"
}
1/17/2022, 7:25:05 AM : stored undefined
1/17/2022, 7:25:07 AM : get one by id vueexpress/userids lio_o0R52DRyjU8OPKwKLNIByPlWg9O1F7SB
1/17/2022, 7:25:07 AM : find one result {
  "_id": "lio_o0R52DRyjU8OPKwKLNIByPlWg9O1F7SB",
  "id": "lio_o0R52DRyjU8OPKwKLNIByPlWg9O1F7SB",
  "userId": "thecorrespondencebot"
}
1/17/2022, 7:25:07 AM : stored {
  "_id": "lio_o0R52DRyjU8OPKwKLNIByPlWg9O1F7SB",
  "id": "lio_o0R52DRyjU8OPKwKLNIByPlWg9O1F7SB",
  "userId": "thecorrespondencebot"
}
1/17/2022, 7:25:15 AM : get one by id vueexpress/userids lio_o0R52DRyjU8OPKwKLNIByPlWg9O1F7SB
1/17/2022, 7:25:15 AM : find one result {
  "_id": "lio_o0R52DRyjU8OPKwKLNIByPlWg9O1F7SB",
  "id": "lio_o0R52DRyjU8OPKwKLNIByPlWg9O1F7SB",
  "userId": "thecorrespondencebot"
}
1/17/2022, 7:25:15 AM : stored {
  "_id": "lio_o0R52DRyjU8OPKwKLNIByPlWg9O1F7SB",
  "id": "lio_o0R52DRyjU8OPKwKLNIByPlWg9O1F7SB",
  "userId": "thecorrespondencebot"
}
1/17/2022, 7:25:17 AM : get one by id vueexpress/userids lio_o0R52DRyjU8OPKwKLNIByPlWg9O1F7SB
1/17/2022, 7:25:17 AM : find one result {
  "_id": "lio_o0R52DRyjU8OPKwKLNIByPlWg9O1F7SB",
  "id": "lio_o0R52DRyjU8OPKwKLNIByPlWg9O1F7SB",
  "userId": "thecorrespondencebot"
}
1/17/2022, 7:25:17 AM : stored {
  "_id": "lio_o0R52DRyjU8OPKwKLNIByPlWg9O1F7SB",
  "id": "lio_o0R52DRyjU8OPKwKLNIByPlWg9O1F7SB",
  "userId": "thecorrespondencebot"
}
1/17/2022, 7:25:20 AM : get one by id vueexpress/userids lio_o0R52DRyjU8OPKwKLNIByPlWg9O1F7SB
1/17/2022, 7:25:20 AM : find one result {
  "_id": "lio_o0R52DRyjU8OPKwKLNIByPlWg9O1F7SB",
  "id": "lio_o0R52DRyjU8OPKwKLNIByPlWg9O1F7SB",
  "userId": "thecorrespondencebot"
}
1/17/2022, 7:25:20 AM : stored {
  "_id": "lio_o0R52DRyjU8OPKwKLNIByPlWg9O1F7SB",
  "id": "lio_o0R52DRyjU8OPKwKLNIByPlWg9O1F7SB",
  "userId": "thecorrespondencebot"
}
1/17/2022, 7:25:30 AM : get one by id vueexpress/userids lio_o0R52DRyjU8OPKwKLNIByPlWg9O1F7SB
1/17/2022, 7:25:30 AM : find one result {
  "_id": "lio_o0R52DRyjU8OPKwKLNIByPlWg9O1F7SB",
  "id": "lio_o0R52DRyjU8OPKwKLNIByPlWg9O1F7SB",
  "userId": "thecorrespondencebot"
}
1/17/2022, 7:25:30 AM : stored {
  "_id": "lio_o0R52DRyjU8OPKwKLNIByPlWg9O1F7SB",
  "id": "lio_o0R52DRyjU8OPKwKLNIByPlWg9O1F7SB",
  "userId": "thecorrespondencebot"
}
1/17/2022, 7:25:40 AM : get one by id vueexpress/userids lio_o0R52DRyjU8OPKwKLNIByPlWg9O1F7SB
1/17/2022, 7:25:40 AM : find one result {
  "_id": "lio_o0R52DRyjU8OPKwKLNIByPlWg9O1F7SB",
  "id": "lio_o0R52DRyjU8OPKwKLNIByPlWg9O1F7SB",
  "userId": "thecorrespondencebot"
}
1/17/2022, 7:25:40 AM : stored {
  "_id": "lio_o0R52DRyjU8OPKwKLNIByPlWg9O1F7SB",
  "id": "lio_o0R52DRyjU8OPKwKLNIByPlWg9O1F7SB",
  "userId": "thecorrespondencebot"
}
1/17/2022, 7:25:42 AM : get one by id vueexpress/userids lio_o0R52DRyjU8OPKwKLNIByPlWg9O1F7SB
1/17/2022, 7:25:42 AM : find one result {
  "_id": "lio_o0R52DRyjU8OPKwKLNIByPlWg9O1F7SB",
  "id": "lio_o0R52DRyjU8OPKwKLNIByPlWg9O1F7SB",
  "userId": "thecorrespondencebot"
}
1/17/2022, 7:25:42 AM : stored {
  "_id": "lio_o0R52DRyjU8OPKwKLNIByPlWg9O1F7SB",
  "id": "lio_o0R52DRyjU8OPKwKLNIByPlWg9O1F7SB",
  "userId": "thecorrespondencebot"
}
1/17/2022, 7:26:38 AM : get one by id vueexpress/userids lio_o0R52DRyjU8OPKwKLNIByPlWg9O1F7SB
1/17/2022, 7:26:38 AM : find one result {
  "_id": "lio_o0R52DRyjU8OPKwKLNIByPlWg9O1F7SB",
  "id": "lio_o0R52DRyjU8OPKwKLNIByPlWg9O1F7SB",
  "userId": "thecorrespondencebot"
}
1/17/2022, 7:26:38 AM : stored {
  "_id": "lio_o0R52DRyjU8OPKwKLNIByPlWg9O1F7SB",
  "id": "lio_o0R52DRyjU8OPKwKLNIByPlWg9O1F7SB",
  "userId": "thecorrespondencebot"
}
1/17/2022, 7:26:40 AM : get one by id vueexpress/userids lio_o0R52DRyjU8OPKwKLNIByPlWg9O1F7SB
1/17/2022, 7:26:40 AM : find one result {
  "_id": "lio_o0R52DRyjU8OPKwKLNIByPlWg9O1F7SB",
  "id": "lio_o0R52DRyjU8OPKwKLNIByPlWg9O1F7SB",
  "userId": "thecorrespondencebot"
}
1/17/2022, 7:26:40 AM : stored {
  "_id": "lio_o0R52DRyjU8OPKwKLNIByPlWg9O1F7SB",
  "id": "lio_o0R52DRyjU8OPKwKLNIByPlWg9O1F7SB",
  "userId": "thecorrespondencebot"
}
